<?xml version="1.0" encoding="UTF-8"?>
<!-- Generated by org.testng.reporters.JUnitReportReporter -->
<testsuite hostname="C1MTG-DL19957" name="com.SeleniumOverstock.RedFinder" tests="1" failures="0" timestamp="18 Apr 2017 20:52:11 GMT" time="20.839" errors="0">
  <testcase name="FirefoxTest" time="20.839" classname="com.SeleniumOverstock.RedFinder"/>
</testsuite> <!-- com.SeleniumOverstock.RedFinder -->
