<?xml version="1.0" encoding="UTF-8"?>
<!-- Generated by org.testng.reporters.JUnitReportReporter -->
<testsuite hostname="C1MTG-DL19957" name="com.SeleniumOverstock.CheckLinkClickable" tests="1" failures="0" timestamp="24 Aug 2017 21:06:10 GMT" time="41.338" errors="0">
  <testcase name="FirefoxTest" time="41.338" classname="com.SeleniumOverstock.CheckLinkClickable"/>
</testsuite> <!-- com.SeleniumOverstock.CheckLinkClickable -->
