<?xml version="1.0" encoding="UTF-8"?>
<!-- Generated by org.testng.reporters.JUnitReportReporter -->
<testsuite hostname="C1MTG-DL19957" name="com.SeleniumOverstock.AModCanada" tests="1" failures="0" timestamp="28 Sep 2016 21:50:41 GMT" time="28.554" errors="0">
  <testcase name="FirefoxTest" time="28.554" classname="com.SeleniumOverstock.AModCanada"/>
</testsuite> <!-- com.SeleniumOverstock.AModCanada -->
