<?xml version="1.0" encoding="UTF-8"?>
<!-- Generated by org.testng.reporters.JUnitReportReporter -->
<testsuite hostname="C1MTG-DL19957" name="com.SeleniumOverstock.NewHomePageBModUS" tests="1" failures="0" timestamp="30 Mar 2017 21:41:24 GMT" time="112.782" errors="0">
  <testcase name="FirefoxTest" time="112.782" classname="com.SeleniumOverstock.NewHomePageBModUS"/>
</testsuite> <!-- com.SeleniumOverstock.NewHomePageBModUS -->
