<?xml version="1.0" encoding="UTF-8"?>
<!-- Generated by org.testng.reporters.JUnitReportReporter -->
<testsuite hostname="C1MTG-DL19957" name="com.SeleniumOverstock.CheckXsymbol" tests="1" failures="0" timestamp="7 Aug 2017 21:22:03 GMT" time="131.177" errors="0">
  <testcase name="FirefoxTest" time="131.177" classname="com.SeleniumOverstock.CheckXsymbol"/>
</testsuite> <!-- com.SeleniumOverstock.CheckXsymbol -->
