<?xml version="1.0" encoding="UTF-8"?>
<!-- Generated by org.testng.reporters.JUnitReportReporter -->
<testsuite hostname="C1MTG-DL19957" name="com.SeleniumOverstock.PromoFarmLinkTest" tests="1" failures="0" timestamp="27 Sep 2016 16:05:09 GMT" time="45.418" errors="0">
  <testcase name="FirefoxTest" time="45.418" classname="com.SeleniumOverstock.PromoFarmLinkTest"/>
</testsuite> <!-- com.SeleniumOverstock.PromoFarmLinkTest -->
