<?xml version="1.0" encoding="UTF-8"?>
<!-- Generated by org.testng.reporters.JUnitReportReporter -->
<testsuite hostname="C1MTG-DL19957" name="com.SeleniumOverstock.TestingStuff" tests="1" failures="0" timestamp="16 Mar 2017 17:38:29 GMT" time="78.348" errors="0">
  <testcase name="FirefoxTest" time="78.348" classname="com.SeleniumOverstock.TestingStuff"/>
</testsuite> <!-- com.SeleniumOverstock.TestingStuff -->
